<?xml version="1.0" encoding="utf-8"?><testsuites name="pytest tests"><testsuite name="pytest" errors="0" failures="0" skipped="0" tests="12" time="1.618" timestamp="2026-02-09T04:21:49.885534+00:00" hostname="agent-env-fad6a3e1-a65b-47ae-88c3-37e897cbc071"><testcase classname="backend.tests.test_analytics_polish.TestTier1Features" name="test_system_health_returns_threshold_data" time="0.205" /><testcase classname="backend.tests.test_analytics_polish.TestTier1Features" name="test_realtime_stats_has_timestamp" time="0.140" /><testcase classname="backend.tests.test_analytics_polish.TestTier2Features" name="test_websocket_endpoint_exists" time="0.142" /><testcase classname="backend.tests.test_analytics_polish.TestTier2Features" name="test_drift_status_returns_notification_data" time="0.042" /><testcase classname="backend.tests.test_analytics_polish.TestTier2Features" name="test_engine_latency_returns_sparkline_data" time="0.035" /><testcase classname="backend.tests.test_analytics_polish.TestTier2Features" name="test_system_health_has_psutil_indicator" time="0.048" /><testcase classname="backend.tests.test_analytics_polish.TestTier3Features" name="test_engine_usage_returns_exportable_data" time="0.038" /><testcase classname="backend.tests.test_analytics_polish.TestTier3Features" name="test_all_analytics_endpoints_return_json" time="0.428" /><testcase classname="backend.tests.test_analytics_polish.TestTier3Features" name="test_confidence_trends_returns_time_series_for_export" time="0.036" /><testcase classname="backend.tests.test_analytics_polish.TestWebSocketIntegration" name="test_websocket_connection" time="0.270" /><testcase classname="backend.tests.test_analytics_polish.TestDataConsistency" name="test_system_health_status_matches_thresholds" time="0.065" /><testcase classname="backend.tests.test_analytics_polish.TestDataConsistency" name="test_drift_status_has_all_engines" time="0.098" /></testsuite></testsuites>