<?xml version="1.0" encoding="utf-8"?><testsuites name="pytest tests"><testsuite name="pytest" errors="0" failures="2" skipped="0" tests="24" time="6.820" timestamp="2026-02-09T06:55:19.305831+00:00" hostname="agent-env-fad6a3e1-a65b-47ae-88c3-37e897cbc071"><testcase classname="backend.tests.test_phase4_auth_team_scoped.TestAuthSignup" name="test_signup_creates_user_and_team" time="0.331" /><testcase classname="backend.tests.test_phase4_auth_team_scoped.TestAuthSignup" name="test_signup_duplicate_email_fails" time="0.040" /><testcase classname="backend.tests.test_phase4_auth_team_scoped.TestAuthLogin" name="test_login_success" time="0.270" /><testcase classname="backend.tests.test_phase4_auth_team_scoped.TestAuthLogin" name="test_login_invalid_password" time="0.260" /><testcase classname="backend.tests.test_phase4_auth_team_scoped.TestAuthLogin" name="test_login_nonexistent_user" time="0.080" /><testcase classname="backend.tests.test_phase4_auth_team_scoped.TestAuthMe" name="test_me_returns_user_with_teams" time="0.308" /><testcase classname="backend.tests.test_phase4_auth_team_scoped.TestAuthMe" name="test_me_without_auth_fails" time="0.040" /><testcase classname="backend.tests.test_phase4_auth_team_scoped.TestAuthRefresh" name="test_refresh_rotates_tokens" time="0.308"><failure message="AssertionError: Refresh failed: Internal Server Error&#10;assert 520 == 200&#10; +  where 520 = &lt;Response [520]&gt;.status_code">backend/tests/test_phase4_auth_team_scoped.py:176: in test_refresh_rotates_tokens
    assert response.status_code == 200, f"Refresh failed: {response.text}"
E   AssertionError: Refresh failed: Internal Server Error
E   assert 520 == 200
E    +  where 520 = &lt;Response [520]&gt;.status_code</failure></testcase><testcase classname="backend.tests.test_phase4_auth_team_scoped.TestAuthRefresh" name="test_refresh_invalid_token_fails" time="0.045" /><testcase classname="backend.tests.test_phase4_auth_team_scoped.TestTeams" name="test_create_team" time="0.299" /><testcase classname="backend.tests.test_phase4_auth_team_scoped.TestTeams" name="test_list_teams" time="0.348" /><testcase classname="backend.tests.test_phase4_auth_team_scoped.TestHistoryProtected" name="test_history_without_auth_returns_401" time="0.040" /><testcase classname="backend.tests.test_phase4_auth_team_scoped.TestHistoryProtected" name="test_history_with_auth_returns_team_logs" time="0.301" /><testcase classname="backend.tests.test_phase4_auth_team_scoped.TestHistoryProtected" name="test_history_log_creates_execution_log" time="0.306" /><testcase classname="backend.tests.test_phase4_auth_team_scoped.TestHistoryProtected" name="test_history_stats_returns_team_stats" time="0.314" /><testcase classname="backend.tests.test_phase4_auth_team_scoped.TestPipelinesProtected" name="test_pipelines_without_auth_returns_401" time="0.042" /><testcase classname="backend.tests.test_phase4_auth_team_scoped.TestPipelinesProtected" name="test_pipelines_with_auth_returns_team_pipelines" time="0.306" /><testcase classname="backend.tests.test_phase4_auth_team_scoped.TestPipelinesProtected" name="test_create_pipeline_with_team_id" time="0.302"><failure message="AssertionError: Failed: {&quot;detail&quot;:[{&quot;type&quot;:&quot;missing&quot;,&quot;loc&quot;:[&quot;body&quot;,&quot;steps&quot;,0,&quot;order&quot;],&quot;msg&quot;:&quot;Field required&quot;,&quot;input&quot;:{&quot;engine&quot;:&quot;strategy_engine&quot;,&quot;input_mapping&quot;:{&quot;goal&quot;:&quot;$.input.goal&quot;},&quot;output_key&quot;:&quot;strategy&quot;},&quot;url&quot;:&quot;https://errors.pydantic.dev/2.12/v/missing&quot;}]}&#10;assert 422 == 200&#10; +  where 422 = &lt;Response [422]&gt;.status_code">backend/tests/test_phase4_auth_team_scoped.py:367: in test_create_pipeline_with_team_id
    assert response.status_code == 200, f"Failed: {response.text}"
E   AssertionError: Failed: {"detail":[{"type":"missing","loc":["body","steps",0,"order"],"msg":"Field required","input":{"engine":"strategy_engine","input_mapping":{"goal":"$.input.goal"},"output_key":"strategy"},"url":"https://errors.pydantic.dev/2.12/v/missing"}]}
E   assert 422 == 200
E    +  where 422 = &lt;Response [422]&gt;.status_code</failure></testcase><testcase classname="backend.tests.test_phase4_auth_team_scoped.TestPipelinesProtected" name="test_get_pipeline_by_id" time="0.337" /><testcase classname="backend.tests.test_phase4_auth_team_scoped.TestPipelinesProtected" name="test_update_pipeline" time="0.342" /><testcase classname="backend.tests.test_phase4_auth_team_scoped.TestPipelinesProtected" name="test_delete_pipeline_soft_delete" time="0.371" /><testcase classname="backend.tests.test_phase4_auth_team_scoped.TestTeamIsolation" name="test_user_cannot_see_other_team_pipelines" time="0.620" /><testcase classname="backend.tests.test_phase4_auth_team_scoped.TestTeamIsolation" name="test_user_cannot_see_other_team_history" time="0.604" /><testcase classname="backend.tests.test_phase4_auth_team_scoped.TestXTeamIDHeader" name="test_x_team_id_switches_context" time="0.375" /></testsuite></testsuites>