<?xml version="1.0" encoding="utf-8"?><testsuites name="pytest tests"><testsuite name="pytest" errors="0" failures="0" skipped="0" tests="16" time="1.202" timestamp="2026-02-09T07:59:12.036726+00:00" hostname="agent-env-eccd95cb-acf6-4afa-8695-46f812174e3a"><testcase classname="backend.tests.test_phase7_invites.TestInviteCreation" name="test_create_invite_success" time="0.418" /><testcase classname="backend.tests.test_phase7_invites.TestInviteCreation" name="test_create_admin_invite" time="0.020" /><testcase classname="backend.tests.test_phase7_invites.TestInviteCreation" name="test_create_invite_duplicate_email" time="0.068" /><testcase classname="backend.tests.test_phase7_invites.TestInviteList" name="test_list_pending_invites" time="0.028" /><testcase classname="backend.tests.test_phase7_invites.TestInviteValidation" name="test_validate_valid_token" time="0.059" /><testcase classname="backend.tests.test_phase7_invites.TestInviteValidation" name="test_validate_invalid_token" time="0.080" /><testcase classname="backend.tests.test_phase7_invites.TestInviteRevoke" name="test_revoke_invite" time="0.068" /><testcase classname="backend.tests.test_phase7_invites.TestInviteRevoke" name="test_revoke_nonexistent_invite" time="0.017" /><testcase classname="backend.tests.test_phase7_invites.TestInviteAccept" name="test_accept_invite_wrong_email" time="0.042" /><testcase classname="backend.tests.test_phase7_invites.TestInviteAccept" name="test_accept_invalid_token" time="0.018" /><testcase classname="backend.tests.test_phase7_invites.TestUnauthorizedAccess" name="test_create_invite_no_auth" time="0.041" /><testcase classname="backend.tests.test_phase7_invites.TestUnauthorizedAccess" name="test_list_invites_no_auth" time="0.056" /><testcase classname="backend.tests.test_phase7_invites.TestUnauthorizedAccess" name="test_revoke_invite_no_auth" time="0.048" /><testcase classname="backend.tests.test_phase7_invites.TestUnauthorizedAccess" name="test_accept_invite_no_auth" time="0.051" /><testcase classname="backend.tests.test_phase7_invites.TestEmailCheck" name="test_check_email_match" time="0.054" /><testcase classname="backend.tests.test_phase7_invites.TestEmailCheck" name="test_check_email_no_match" time="0.056" /></testsuite></testsuites>