<?xml version="1.0" encoding="utf-8"?><testsuites name="pytest tests"><testsuite name="pytest" errors="0" failures="5" skipped="0" tests="26" time="4.329" timestamp="2026-02-09T08:27:53.892578+00:00" hostname="agent-env-eccd95cb-acf6-4afa-8695-46f812174e3a"><testcase classname="tests.test_phase9_identity_billing.TestSetup" name="test_backend_health" time="0.079" /><testcase classname="tests.test_phase9_identity_billing.TestPasswordReset" name="test_password_reset_request_valid_email" time="0.046"><failure message="assert 429 == 200&#10; +  where 429 = &lt;Response [429]&gt;.status_code">tests/test_phase9_identity_billing.py:45: in test_password_reset_request_valid_email
    assert response.status_code == 200
E   assert 429 == 200
E    +  where 429 = &lt;Response [429]&gt;.status_code</failure></testcase><testcase classname="tests.test_phase9_identity_billing.TestPasswordReset" name="test_password_reset_request_unknown_email" time="0.045" /><testcase classname="tests.test_phase9_identity_billing.TestPasswordReset" name="test_password_reset_request_invalid_email_format" time="0.036" /><testcase classname="tests.test_phase9_identity_billing.TestPasswordReset" name="test_password_reset_validate_invalid_token" time="0.047" /><testcase classname="tests.test_phase9_identity_billing.TestPasswordReset" name="test_password_reset_confirm_invalid_token" time="0.046" /><testcase classname="tests.test_phase9_identity_billing.TestPasswordReset" name="test_password_reset_confirm_weak_password" time="0.041" /><testcase classname="tests.test_phase9_identity_billing.TestOAuthProviders" name="test_get_oauth_providers" time="0.046" /><testcase classname="tests.test_phase9_identity_billing.TestSessionManagement" name="test_revoke_all_sessions_requires_auth" time="0.039" /><testcase classname="tests.test_phase9_identity_billing.TestSessionManagement" name="test_revoke_all_sessions_authenticated" time="0.336" /><testcase classname="tests.test_phase9_identity_billing.TestSessionManagement" name="test_list_sessions" time="0.312" /><testcase classname="tests.test_phase9_identity_billing.TestBillingEndpoints" name="test_get_plans_public" time="0.042" /><testcase classname="tests.test_phase9_identity_billing.TestBillingEndpoints" name="test_get_billing_status_public" time="0.329" /><testcase classname="tests.test_phase9_identity_billing.TestBillingEndpoints" name="test_get_team_billing_requires_auth" time="0.044" /><testcase classname="tests.test_phase9_identity_billing.TestBillingEndpoints" name="test_get_team_billing" time="0.311" /><testcase classname="tests.test_phase9_identity_billing.TestBillingEndpoints" name="test_get_usage_requires_auth" time="0.040" /><testcase classname="tests.test_phase9_identity_billing.TestBillingEndpoints" name="test_get_usage" time="0.324" /><testcase classname="tests.test_phase9_identity_billing.TestAPIKeys" name="test_list_api_keys_requires_auth" time="0.077" /><testcase classname="tests.test_phase9_identity_billing.TestAPIKeys" name="test_list_api_keys" time="0.307" /><testcase classname="tests.test_phase9_identity_billing.TestAPIKeys" name="test_create_api_key_requires_auth" time="0.032" /><testcase classname="tests.test_phase9_identity_billing.TestAPIKeys" name="test_create_api_key" time="0.302"><failure message="assert 429 == 200&#10; +  where 429 = &lt;Response [429]&gt;.status_code">tests/test_phase9_identity_billing.py:358: in test_create_api_key
    assert response.status_code == 200
E   assert 429 == 200
E    +  where 429 = &lt;Response [429]&gt;.status_code</failure></testcase><testcase classname="tests.test_phase9_identity_billing.TestAPIKeys" name="test_create_and_verify_api_key" time="0.305"><failure message="assert 429 == 200&#10; +  where 429 = &lt;Response [429]&gt;.status_code">tests/test_phase9_identity_billing.py:392: in test_create_and_verify_api_key
    assert create_res.status_code == 200
E   assert 429 == 200
E    +  where 429 = &lt;Response [429]&gt;.status_code</failure></testcase><testcase classname="tests.test_phase9_identity_billing.TestAPIKeys" name="test_revoke_api_key_requires_auth" time="0.041" /><testcase classname="tests.test_phase9_identity_billing.TestAPIKeys" name="test_revoke_api_key" time="0.317"><failure message="assert 429 == 200&#10; +  where 429 = &lt;Response [429]&gt;.status_code">tests/test_phase9_identity_billing.py:435: in test_revoke_api_key
    assert create_res.status_code == 200
E   assert 429 == 200
E    +  where 429 = &lt;Response [429]&gt;.status_code</failure></testcase><testcase classname="tests.test_phase9_identity_billing.TestAPIKeys" name="test_revoke_nonexistent_key" time="0.325" /><testcase classname="tests.test_phase9_identity_billing.TestAPIKeys" name="test_create_duplicate_name_key" time="0.310"><failure message="assert 429 == 200&#10; +  where 429 = &lt;Response [429]&gt;.status_code">tests/test_phase9_identity_billing.py:484: in test_create_duplicate_name_key
    assert create_res1.status_code == 200
E   assert 429 == 200
E    +  where 429 = &lt;Response [429]&gt;.status_code</failure></testcase></testsuite></testsuites>