<?xml version="1.0" encoding="utf-8"?><testsuites name="pytest tests"><testsuite name="pytest" errors="0" failures="0" skipped="0" tests="16" time="140.818" timestamp="2026-02-09T09:11:39.894000+00:00" hostname="agent-env-422c81c6-ebdd-4b39-9542-2369be6f62dd"><testcase classname="backend.tests.test_phase_dlite_ux.TestSystemEndpoints" name="test_health_endpoint" time="0.759" /><testcase classname="backend.tests.test_phase_dlite_ux.TestSystemEndpoints" name="test_system_status_endpoint" time="1.433" /><testcase classname="backend.tests.test_phase_dlite_ux.TestSystemEndpoints" name="test_system_status_caching" time="4.095" /><testcase classname="backend.tests.test_phase_dlite_ux.TestBillingEndpoints" name="test_plans_endpoint_unauthenticated" time="2.661" /><testcase classname="backend.tests.test_phase_dlite_ux.TestBillingEndpoints" name="test_plans_caching" time="6.345" /><testcase classname="backend.tests.test_phase_dlite_ux.TestBillingEndpoints" name="test_plans_contain_limits" time="3.275" /><testcase classname="backend.tests.test_phase_dlite_ux.TestOAuthProvidersEndpoint" name="test_oauth_providers_endpoint" time="3.280" /><testcase classname="backend.tests.test_phase_dlite_ux.TestOAuthProvidersEndpoint" name="test_oauth_providers_disabled_without_config" time="3.284" /><testcase classname="backend.tests.test_phase_dlite_ux.TestAuthenticatedEndpoints" name="test_billing_team_endpoint" time="21.715" /><testcase classname="backend.tests.test_phase_dlite_ux.TestAuthenticatedEndpoints" name="test_billing_usage_endpoint" time="20.073" /><testcase classname="backend.tests.test_phase_dlite_ux.TestAuthenticatedEndpoints" name="test_api_keys_list_endpoint" time="28.255" /><testcase classname="backend.tests.test_phase_dlite_ux.TestAuthenticatedEndpoints" name="test_sessions_endpoint" time="17.306" /><testcase classname="backend.tests.test_phase_dlite_ux.TestAuthenticatedEndpoints" name="test_profile_update_endpoint" time="16.822" /><testcase classname="backend.tests.test_phase_dlite_ux.TestErrorHandling" name="test_invalid_login_returns_friendly_error" time="5.321" /><testcase classname="backend.tests.test_phase_dlite_ux.TestErrorHandling" name="test_missing_auth_returns_401" time="6.068" /><testcase classname="backend.tests.test_phase_dlite_ux.TestErrorHandling" name="test_invalid_route_returns_404" time="0.075" /></testsuite></testsuites>