<?xml version="1.0" encoding="utf-8"?><testsuites name="pytest tests"><testsuite name="pytest" errors="0" failures="0" skipped="0" tests="11" time="1.049" timestamp="2026-02-09T03:57:51.578028+00:00" hostname="agent-env-fad6a3e1-a65b-47ae-88c3-37e897cbc071"><testcase classname="backend.tests.test_analytics.TestAnalyticsEndpoints" name="test_realtime_stats_returns_valid_data" time="0.181" /><testcase classname="backend.tests.test_analytics.TestAnalyticsEndpoints" name="test_engine_usage_returns_array" time="0.038" /><testcase classname="backend.tests.test_analytics.TestAnalyticsEndpoints" name="test_engine_latency_returns_array" time="0.042" /><testcase classname="backend.tests.test_analytics.TestAnalyticsEndpoints" name="test_engine_errors_returns_array" time="0.038" /><testcase classname="backend.tests.test_analytics.TestAnalyticsEndpoints" name="test_drift_status_returns_array" time="0.040" /><testcase classname="backend.tests.test_analytics.TestAnalyticsEndpoints" name="test_system_health_returns_metrics" time="0.145" /><testcase classname="backend.tests.test_analytics.TestAnalyticsEndpoints" name="test_pipeline_graph_returns_nodes_and_edges" time="0.041" /><testcase classname="backend.tests.test_analytics.TestAnalyticsEndpoints" name="test_confidence_trends_returns_time_series" time="0.042" /><testcase classname="backend.tests.test_analytics.TestAnalyticsEndpoints" name="test_model_comparison_returns_models" time="0.045" /><testcase classname="backend.tests.test_analytics.TestAnalyticsDataIntegrity" name="test_realtime_stats_matches_engine_usage" time="0.187" /><testcase classname="backend.tests.test_analytics.TestAnalyticsDataIntegrity" name="test_error_rates_are_consistent" time="0.039" /></testsuite></testsuites>