<?xml version="1.0" encoding="utf-8"?><testsuites name="pytest tests"><testsuite name="pytest" errors="0" failures="0" skipped="0" tests="16" time="91.189" timestamp="2026-02-03T16:02:13.442622+00:00" hostname="agent-env-31165ee4-0ba2-4080-83c3-8ee7ad6e9c8e"><testcase classname="tests.test_engine_endpoints.TestHealthEndpoint" name="test_health_returns_200" time="90.344" /><testcase classname="tests.test_engine_endpoints.TestHealthEndpoint" name="test_health_returns_all_18_engines" time="0.105" /><testcase classname="tests.test_engine_endpoints.TestHealthEndpoint" name="test_health_returns_model_availability" time="0.076" /><testcase classname="tests.test_engine_endpoints.TestArtDirectionEndpoints" name="test_get_style_templates" time="0.036" /><testcase classname="tests.test_engine_endpoints.TestArtDirectionEndpoints" name="test_get_color_moods" time="0.040" /><testcase classname="tests.test_engine_endpoints.TestAnimeEndpoints" name="test_get_anime_genres" time="0.035" /><testcase classname="tests.test_engine_endpoints.TestAnimeEndpoints" name="test_get_character_archetypes" time="0.055" /><testcase classname="tests.test_engine_endpoints.TestPipelineEndpoints" name="test_get_available_engines" time="0.033" /><testcase classname="tests.test_engine_endpoints.TestPipelineEndpoints" name="test_get_pipeline_templates" time="0.058" /><testcase classname="tests.test_engine_endpoints.TestEvaluatorEndpoints" name="test_get_evaluation_presets" time="0.038" /><testcase classname="tests.test_engine_endpoints.TestPricingEndpoints" name="test_get_pricing_models" time="0.068" /><testcase classname="tests.test_engine_endpoints.TestBlueprintEndpoints" name="test_get_component_types" time="0.035" /><testcase classname="tests.test_engine_endpoints.TestPersonaEndpoints" name="test_get_persona_templates" time="0.041" /><testcase classname="tests.test_engine_endpoints.TestCoreEndpoints" name="test_get_core_status" time="0.062" /><testcase classname="tests.test_engine_endpoints.TestCoreEndpoints" name="test_get_core_log" time="0.042" /><testcase classname="tests.test_engine_endpoints.TestDriftEndpoints" name="test_get_drift_report" time="0.038" /></testsuite></testsuites>