<?xml version="1.0" encoding="utf-8"?><testsuites name="pytest tests"><testsuite name="pytest" errors="0" failures="0" skipped="0" tests="21" time="140.167" timestamp="2026-04-07T16:07:35.823499+00:00" hostname="agent-env-5d6575e0-dcac-4537-a9ce-0930b7f9da14"><testcase classname="backend.tests.test_sla113_iteration15.TestJobDependencies" name="test_create_job_without_dependencies" time="9.156" /><testcase classname="backend.tests.test_sla113_iteration15.TestJobDependencies" name="test_create_job_with_completed_dependency" time="70.847" /><testcase classname="backend.tests.test_sla113_iteration15.TestJobDependencies" name="test_create_job_with_incomplete_dependency_is_blocked" time="0.515" /><testcase classname="backend.tests.test_sla113_iteration15.TestJobDependencies" name="test_invalid_dependency_returns_400" time="0.169" /><testcase classname="backend.tests.test_sla113_iteration15.TestLinkUnlinkAPIs" name="test_link_dependency" time="0.985" /><testcase classname="backend.tests.test_sla113_iteration15.TestLinkUnlinkAPIs" name="test_unlink_dependency" time="0.841" /><testcase classname="backend.tests.test_sla113_iteration15.TestLinkUnlinkAPIs" name="test_link_nonexistent_job_returns_404" time="0.113" /><testcase classname="backend.tests.test_sla113_iteration15.TestLinkUnlinkAPIs" name="test_circular_dependency_prevented" time="0.602" /><testcase classname="backend.tests.test_sla113_iteration15.TestDependencyGraph" name="test_graph_returns_nodes_and_edges" time="0.110" /><testcase classname="backend.tests.test_sla113_iteration15.TestDependencyGraph" name="test_graph_nodes_have_required_fields" time="0.415" /><testcase classname="backend.tests.test_sla113_iteration15.TestDependencyGraph" name="test_graph_edges_for_dependencies" time="0.625" /><testcase classname="backend.tests.test_sla113_iteration15.TestAutoUnblock" name="test_blocked_job_unblocks_when_parent_completes" time="54.195" /><testcase classname="backend.tests.test_sla113_iteration15.TestWorkerStatusWithBlocked" name="test_worker_status_includes_blocked_count" time="0.120" /><testcase classname="backend.tests.test_sla113_iteration15.TestExistingFeatures" name="test_game_types_endpoint" time="0.128" /><testcase classname="backend.tests.test_sla113_iteration15.TestExistingFeatures" name="test_projects_crud" time="0.414" /><testcase classname="backend.tests.test_sla113_iteration15.TestExistingFeatures" name="test_builds_endpoint" time="0.113" /><testcase classname="backend.tests.test_sla113_iteration15.TestExistingFeatures" name="test_compliance_endpoint" time="0.112" /><testcase classname="backend.tests.test_sla113_iteration15.TestExistingFeatures" name="test_deployments_endpoint" time="0.131" /><testcase classname="backend.tests.test_sla113_iteration15.TestExistingFeatures" name="test_pipelines_endpoint" time="0.121" /><testcase classname="backend.tests.test_sla113_iteration15.TestExistingFeatures" name="test_tenants_endpoint" time="0.125" /><testcase classname="backend.tests.test_sla113_iteration15.TestExistingFeatures" name="test_stats_endpoint" time="0.231" /></testsuite></testsuites>