<?xml version="1.0" encoding="utf-8"?><testsuites name="pytest tests"><testsuite name="pytest" errors="0" failures="0" skipped="0" tests="19" time="47.031" timestamp="2026-04-06T21:39:01.879647+00:00" hostname="agent-env-5d6575e0-dcac-4537-a9ce-0930b7f9da14"><testcase classname="backend.tests.test_sla113.TestSLA113GameTypes" name="test_get_game_types_returns_16_types" time="0.200" /><testcase classname="backend.tests.test_sla113.TestSLA113GameTypes" name="test_aaa_game_types_have_correct_category" time="0.050" /><testcase classname="backend.tests.test_sla113.TestSLA113Stats" name="test_get_stats_returns_valid_structure" time="0.056" /><testcase classname="backend.tests.test_sla113.TestSLA113ProjectsCRUD" name="test_list_projects" time="0.050" /><testcase classname="backend.tests.test_sla113.TestSLA113ProjectsCRUD" name="test_create_project_slot_machine" time="0.047" /><testcase classname="backend.tests.test_sla113.TestSLA113ProjectsCRUD" name="test_create_project_tactical_fps" time="0.048" /><testcase classname="backend.tests.test_sla113.TestSLA113ProjectsCRUD" name="test_get_project_by_id" time="0.051" /><testcase classname="backend.tests.test_sla113.TestSLA113ProjectsCRUD" name="test_create_project_invalid_game_type" time="0.047" /><testcase classname="backend.tests.test_sla113.TestSLA113ProjectsCRUD" name="test_get_nonexistent_project" time="0.056" /><testcase classname="backend.tests.test_sla113.TestSLA113ProjectsCRUD" name="test_delete_project" time="0.101" /><testcase classname="backend.tests.test_sla113.TestSLA113ProjectsCRUD" name="test_delete_aaa_project" time="0.062" /><testcase classname="backend.tests.test_sla113.TestSLA113ProjectsCRUD" name="test_delete_nonexistent_project" time="0.045" /><testcase classname="backend.tests.test_sla113.TestSLA113VisionEngine" name="test_vision_generate_requires_project_id" time="0.161" /><testcase classname="backend.tests.test_sla113.TestSLA113VisionEngine" name="test_vision_generate_success" time="9.551" /><testcase classname="backend.tests.test_sla113.TestSLA113LogicEngine" name="test_logic_generate_requires_project_id" time="0.149" /><testcase classname="backend.tests.test_sla113.TestSLA113LogicEngine" name="test_logic_generate_success" time="21.159" /><testcase classname="backend.tests.test_sla113.TestSLA113Composer" name="test_compose_requires_project_id" time="0.158" /><testcase classname="backend.tests.test_sla113.TestSLA113Composer" name="test_compose_success" time="14.893" /><testcase classname="backend.tests.test_sla113.TestSLA113ExistingProject" name="test_existing_project_in_list" time="0.048" /></testsuite></testsuites>