<?xml version="1.0" encoding="utf-8"?><testsuites name="pytest tests"><testsuite name="pytest" errors="0" failures="0" skipped="0" tests="18" time="13.002" timestamp="2026-04-12T22:14:53.693753+00:00" hostname="agent-env-5d6575e0-dcac-4537-a9ce-0930b7f9da14"><testcase classname="backend.tests.test_sla113_iteration16.TestAudioForgeEngine" name="test_audio_templates_returns_templates_and_engines" time="0.142" /><testcase classname="backend.tests.test_sla113_iteration16.TestAudioForgeEngine" name="test_audio_generate_sfx_with_ai_dsp" time="5.911" /><testcase classname="backend.tests.test_sla113_iteration16.TestAudioForgeEngine" name="test_audio_assets_list" time="0.137" /><testcase classname="backend.tests.test_sla113_iteration16.TestAudioForgeEngine" name="test_audio_generate_ambience" time="4.417" /><testcase classname="backend.tests.test_sla113_iteration16.TestAudioForgeEngine" name="test_audio_delete_asset" time="0.224" /><testcase classname="backend.tests.test_sla113_iteration16.TestAudioForgeEngine" name="test_audio_generate_invalid_type" time="0.113" /><testcase classname="backend.tests.test_sla113_iteration16.TestBuildPipelineCompile" name="test_create_build_queued_status" time="0.211" /><testcase classname="backend.tests.test_sla113_iteration16.TestBuildPipelineCompile" name="test_compile_build_creates_zip" time="0.284" /><testcase classname="backend.tests.test_sla113_iteration16.TestBuildPipelineCompile" name="test_download_build_returns_zip" time="0.226" /><testcase classname="backend.tests.test_sla113_iteration16.TestBuildPipelineCompile" name="test_list_builds" time="0.228" /><testcase classname="backend.tests.test_sla113_iteration16.TestBuildPipelineCompile" name="test_delete_build" time="0.234" /><testcase classname="backend.tests.test_sla113_iteration16.TestAdminControlVaultNexus" name="test_nexus_pipelines_returns_8_archetypes" time="0.109" /><testcase classname="backend.tests.test_sla113_iteration16.TestAdminControlVaultNexus" name="test_nexus_os_modules_returns_8_mappings" time="0.125" /><testcase classname="backend.tests.test_sla113_iteration16.TestAdminControlVaultMatrix" name="test_matrix_parameters_returns_engine_config" time="0.106" /><testcase classname="backend.tests.test_sla113_iteration16.TestExistingEndpointsRegression" name="test_sla113_status" time="0.128" /><testcase classname="backend.tests.test_sla113_iteration16.TestExistingEndpointsRegression" name="test_game_types" time="0.103" /><testcase classname="backend.tests.test_sla113_iteration16.TestExistingEndpointsRegression" name="test_universes" time="0.107" /><testcase classname="backend.tests.test_sla113_iteration16.TestExistingEndpointsRegression" name="test_frontline_snapshot" time="0.131" /></testsuite></testsuites>