<?xml version="1.0" encoding="utf-8"?><testsuites name="pytest tests"><testsuite name="pytest" errors="0" failures="0" skipped="0" tests="25" time="11.718" timestamp="2026-04-07T03:17:05.532294+00:00" hostname="agent-env-5d6575e0-dcac-4537-a9ce-0930b7f9da14"><testcase classname="backend.tests.test_sla113_iteration13.TestSLA113Builds" name="test_list_builds" time="0.253" /><testcase classname="backend.tests.test_sla113_iteration13.TestSLA113Builds" name="test_create_build_from_project" time="0.154" /><testcase classname="backend.tests.test_sla113_iteration13.TestSLA113Builds" name="test_create_build_invalid_project" time="0.170" /><testcase classname="backend.tests.test_sla113_iteration13.TestSLA113Builds" name="test_advance_build_stages" time="0.868" /><testcase classname="backend.tests.test_sla113_iteration13.TestSLA113Builds" name="test_delete_build" time="0.146" /><testcase classname="backend.tests.test_sla113_iteration13.TestSLA113Builds" name="test_delete_nonexistent_build" time="0.150" /><testcase classname="backend.tests.test_sla113_iteration13.TestSLA113Compliance" name="test_list_compliance_reports" time="0.146" /><testcase classname="backend.tests.test_sla113_iteration13.TestSLA113Compliance" name="test_run_compliance_check_gli" time="0.161" /><testcase classname="backend.tests.test_sla113_iteration13.TestSLA113Compliance" name="test_run_compliance_check_mga" time="0.159" /><testcase classname="backend.tests.test_sla113_iteration13.TestSLA113Compliance" name="test_run_compliance_check_ukgc" time="0.155" /><testcase classname="backend.tests.test_sla113_iteration13.TestSLA113Compliance" name="test_run_compliance_check_curacao" time="0.149" /><testcase classname="backend.tests.test_sla113_iteration13.TestSLA113Compliance" name="test_run_compliance_check_invalid_project" time="0.153" /><testcase classname="backend.tests.test_sla113_iteration13.TestSLA113Compliance" name="test_delete_compliance_report" time="0.141" /><testcase classname="backend.tests.test_sla113_iteration13.TestSLA113Compliance" name="test_delete_nonexistent_report" time="0.152" /><testcase classname="backend.tests.test_sla113_iteration13.TestSLA113Deploy" name="test_list_deployments" time="0.999" /><testcase classname="backend.tests.test_sla113_iteration13.TestSLA113Deploy" name="test_create_deployment_from_completed_build" time="0.858" /><testcase classname="backend.tests.test_sla113_iteration13.TestSLA113Deploy" name="test_create_deployment_invalid_build" time="0.937" /><testcase classname="backend.tests.test_sla113_iteration13.TestSLA113Deploy" name="test_create_deployment_incomplete_build" time="1.054" /><testcase classname="backend.tests.test_sla113_iteration13.TestSLA113Deploy" name="test_advance_deployment_to_live" time="1.132" /><testcase classname="backend.tests.test_sla113_iteration13.TestSLA113Deploy" name="test_delete_deployment" time="0.987" /><testcase classname="backend.tests.test_sla113_iteration13.TestSLA113Deploy" name="test_delete_nonexistent_deployment" time="0.860" /><testcase classname="backend.tests.test_sla113_iteration13.TestSLA113PipelinePulse" name="test_pulse_existing_pipeline" time="0.101" /><testcase classname="backend.tests.test_sla113_iteration13.TestSLA113PipelinePulse" name="test_pulse_nonexistent_pipeline" time="0.048" /><testcase classname="backend.tests.test_sla113_iteration13.TestSLA113PipelinePulse" name="test_pulse_all_pipelines" time="0.429" /><testcase classname="backend.tests.test_sla113_iteration13.TestSLA113FullFlow" name="test_full_build_deploy_flow" time="1.239" /></testsuite></testsuites>